<?xml version="1.0" encoding="UTF-8"?>
<!-- Generated by org.testng.reporters.JUnitReportReporter -->
<testsuite hostname="DI-131" failures="0" tests="2" name="com.test.excel.ExcelMain" time="0.012" errors="0" timestamp="2020-11-03T16:39:14 IST" skipped="0">
  <testcase classname="com.test.excel.ExcelMain" name="test1" time="0.007"/>
  <system-out/>
  <testcase classname="com.test.excel.ExcelMain" name="test1" time="0.005"/>
  <system-out/>
</testsuite> <!-- com.test.excel.ExcelMain -->
