<?xml version="1.0" encoding="UTF-8"?>
<!-- Generated by org.testng.reporters.JUnitReportReporter -->
<testsuite hostname="DI-131" failures="0" tests="1" name="com.test.cases.LoginTest" time="6.541" errors="0" timestamp="2020-10-31T17:03:08 IST" skipped="0">
  <testcase classname="com.test.cases.LoginTest" name="Login" time="6.541"/>
  <system-out/>
</testsuite> <!-- com.test.cases.LoginTest -->
